<?xml version="1.0" encoding="utf-8"?><testsuites><testsuite name="pytest" errors="0" failures="0" skipped="0" tests="41" time="6.265" timestamp="2026-09-12T08:07:35.818160-06:00" hostname="puter.local"><testcase classname="tests.test_delta_review" name="test_low_evidence_is_explicit_abstention_not_synthetic[silence]" time="0.001" /><testcase classname="tests.test_delta_review" name="test_low_evidence_is_explicit_abstention_not_synthetic[extremely_sparse_both_channels]" time="0.002" /><testcase classname="tests.test_delta_review" name="test_low_evidence_is_explicit_abstention_not_synthetic[caller_only]" time="0.001" /><testcase classname="tests.test_delta_review" name="test_low_evidence_is_explicit_abstention_not_synthetic[agent_only]" time="0.001" /><testcase classname="tests.test_delta_review" name="test_low_evidence_is_explicit_abstention_not_synthetic[one_usable_event]" time="0.001" /><testcase classname="tests.test_delta_review" name="test_available_evidence_retains_frozen_threshold[0.2-False]" time="0.001" /><testcase classname="tests.test_delta_review" name="test_available_evidence_retains_frozen_threshold[0.5-True]" time="0.001" /><testcase classname="tests.test_delta_review" name="test_available_evidence_retains_frozen_threshold[0.8-True]" time="0.001" /><testcase classname="tests.test_delta_review" name="test_http_insufficient_evidence_nonflag_and_original_behavior_contract" time="0.011" /><testcase classname="tests.test_delta_review" name="test_malformed_riff_chunk_is_clean_audio_error" time="0.006" /><testcase classname="tests.test_delta_review" name="test_wrong_rate_or_encoding_is_clean_audio_error[16000-2]" time="0.001" /><testcase classname="tests.test_delta_review" name="test_wrong_rate_or_encoding_is_clean_audio_error[8000-1]" time="0.001" /><testcase classname="tests.test_events" name="test_agent_interrupts_stop_and_recovery" time="0.001" /><testcase classname="tests.test_events" name="test_normal_response" time="0.000" /><testcase classname="tests.test_events" name="test_no_multiple_response_assignment_or_within_agent_pause" time="0.000" /><testcase classname="tests.test_events" name="test_simultaneous_onset_is_not_directional" time="0.001" /><testcase classname="tests.test_events" name="test_barge_in_and_censoring" time="0.001" /><testcase classname="tests.test_events" name="test_new_agent_turn_prevents_recovery_attribution" time="0.000" /><testcase classname="tests.test_events" name="test_leading_and_trailing_silence_not_perturbations" time="0.000" /><testcase classname="tests.test_features" name="test_no_events_not_fake_latency_zero" time="0.001" /><testcase classname="tests.test_features" name="test_variability_requires_three_events_and_cv_denominator" time="0.003" /><testcase classname="tests.test_features" name="test_complete_features_allowlist_and_time_invariance" time="0.002" /><testcase classname="tests.test_features" name="test_train_only_imputation_and_portable_model" time="0.020" /><testcase classname="tests.test_features" name="test_metric_orientation_eer_and_probability_bins" time="0.032" /><testcase classname="tests.test_inference" name="test_strict_wav_input_and_stereo_identity" time="0.001" /><testcase classname="tests.test_inference" name="test_silent_wav_returns_neutral_evidence" time="0.201" /><testcase classname="tests.test_inference" name="test_real_wav_end_to_end_and_no_organizer_dependency" time="2.768" /><testcase classname="tests.test_inference" name="test_http_contract_validation_and_no_body_echo" time="0.027" /><testcase classname="tests.test_inference" name="test_http_body_limit_enforced_before_parsing" time="0.004" /><testcase classname="tests.test_pipeline_safeguards" name="test_support_selection_fits_only_available_training_data" time="0.001" /><testcase classname="tests.test_pipeline_safeguards" name="test_append_silence_does_not_change_final_model_inputs" time="0.002" /><testcase classname="tests.test_pipeline_safeguards" name="test_feature_cache_checks_official_split" time="0.021" /><testcase classname="tests.test_pipeline_safeguards" name="test_feature_version_mismatch_rejected_before_vad_load" time="0.002" /><testcase classname="tests.test_turn_logic" name="test_union_clip_and_channel_separation" time="0.000" /><testcase classname="tests.test_turn_logic" name="test_invalid_intervals[args0]" time="0.001" /><testcase classname="tests.test_turn_logic" name="test_invalid_intervals[args1]" time="0.001" /><testcase classname="tests.test_turn_logic" name="test_invalid_intervals[args2]" time="0.000" /><testcase classname="tests.test_turn_logic" name="test_invalid_intervals[args3]" time="0.000" /><testcase classname="tests.test_vad" name="test_frame_segmentation_hysteresis_and_empty_channel" time="0.001" /><testcase classname="tests.test_vad" name="test_short_speech_dropped_and_end_clipped" time="0.000" /><testcase classname="tests.test_vad" name="test_wrong_vad_model_rejected_offline" time="0.002" /></testsuite></testsuites>